android/app/build/intermediates/manifest_merge_blame_file/debug/manifest-merger-blame-debug-report.txt
1<?xml version="1.0" encoding="utf-8"?>
2<manifest xmlns:android="http://schemas.android.com/apk/res/android"
3    package="com.example.getmenu"
4    android:versionCode="1"
5    android:versionName="1.0" >
6
7    <uses-sdk
8        android:minSdkVersion="21"
8-->src\main\AndroidManifest.xml
9        android:targetSdkVersion="29" />
9-->src\main\AndroidManifest.xml
10
11    <uses-permission android:name="android.permission.WRITE_EXTERNAL_STORAGE" />
11-->src\main\AndroidManifest.xml:5:5-81
11-->src\main\AndroidManifest.xml:5:22-78
12    <uses-permission android:name="android.permission.READ_EXTERNAL_STORAGE" />
12-->src\main\AndroidManifest.xml:6:5-80
12-->src\main\AndroidManifest.xml:6:22-77
13    <uses-permission android:name="android.permission.CAMERA" />
13-->src\main\AndroidManifest.xml:7:5-64
13-->src\main\AndroidManifest.xml:7:22-62
14    <uses-permission android:name="android.permission.INTERNET" />
14-->src\main\AndroidManifest.xml:8:5-67
14-->src\main\AndroidManifest.xml:8:22-64
15
16    <uses-feature
16-->src\main\AndroidManifest.xml:10:5-11:35
17        android:name="android.hardware.camera"
17-->src\main\AndroidManifest.xml:10:19-57
18        android:required="true" />
18-->src\main\AndroidManifest.xml:11:9-32
19
20    <application
20-->src\main\AndroidManifest.xml:13:5-41:19
21        android:allowBackup="true"
21-->src\main\AndroidManifest.xml:14:9-35
22        android:appComponentFactory="android.support.v4.app.CoreComponentFactory"
22-->[com.android.support:support-compat:28.0.0] AndroidManifest.xml:22:18-91
23        android:debuggable="true"
24        android:icon="@mipmap/ic_launcher"
24-->src\main\AndroidManifest.xml:15:9-43
25        android:label="@string/app_name"
25-->src\main\AndroidManifest.xml:16:9-41
26        android:roundIcon="@mipmap/ic_launcher_round"
26-->src\main\AndroidManifest.xml:17:9-54
27        android:supportsRtl="true"
27-->src\main\AndroidManifest.xml:18:9-35
28        android:testOnly="true"
29        android:theme="@style/AppTheme" >
29-->src\main\AndroidManifest.xml:19:9-40
30        <activity android:name="com.example.getmenu.MainActivity" >
30-->src\main\AndroidManifest.xml:21:9-27:20
30-->src\main\AndroidManifest.xml:21:19-47
31            <intent-filter>
31-->src\main\AndroidManifest.xml:22:13-26:29
32                <action android:name="android.intent.action.MAIN" />
32-->src\main\AndroidManifest.xml:23:17-69
32-->src\main\AndroidManifest.xml:23:25-66
33
34                <category android:name="android.intent.category.LAUNCHER" />
34-->src\main\AndroidManifest.xml:25:17-77
34-->src\main\AndroidManifest.xml:25:27-74
35            </intent-filter>
36        </activity>
37        <activity android:name="com.example.getmenu.SelectPicture" />
37-->src\main\AndroidManifest.xml:29:9-60
37-->src\main\AndroidManifest.xml:29:19-48
38
39        <provider
39-->src\main\AndroidManifest.xml:31:9-40:20
40            android:name="android.support.v4.content.FileProvider"
40-->src\main\AndroidManifest.xml:32:13-67
41            android:authorities="com.example.getmenu"
41-->src\main\AndroidManifest.xml:33:13-54
42            android:exported="false"
42-->src\main\AndroidManifest.xml:34:13-37
43            android:grantUriPermissions="true" >
43-->src\main\AndroidManifest.xml:35:13-47
44            <meta-data
44-->src\main\AndroidManifest.xml:37:13-39:54
45                android:name="android.support.FILE_PROVIDER_PATHS"
45-->src\main\AndroidManifest.xml:38:17-67
46                android:resource="@xml/file_paths" />
46-->src\main\AndroidManifest.xml:39:17-51
47        </provider>
48    </application>
49
50</manifest>